2025-07-27 00:34:31.752 | INFO     | __main__:lifespan:17 - Starting Citizens Issues Registry Backend Server...
2025-07-27 00:34:31.753 | INFO     | __main__:lifespan:18 - Server configuration loaded - Environment: development
2025-07-27 00:34:31.754 | INFO     | __main__:lifespan:19 - API Documentation available at: /api/v1/docs
2025-07-27 00:35:04.941 | INFO     | __main__:lifespan:21 - Shutting down Citizens Issues Registry Backend Server...
2025-07-27 00:35:04.942 | INFO     | __main__:lifespan:22 - Server stopped gracefully
2025-07-27 00:43:41.219 | INFO     | __main__:lifespan:18 - Starting Citizens Issues Registry Backend Server...
2025-07-27 00:43:41.219 | INFO     | __main__:lifespan:19 - Server configuration loaded - Environment: development
2025-07-27 00:43:41.220 | INFO     | __main__:lifespan:20 - API Documentation available at: /api/v1/docs
2025-07-27 00:46:08.374 | DEBUG    | src.routers.monitoring:health_check:34 - Health check performed at 2025-07-26T19:16:08.374477+00:00
2025-07-27 00:53:09.420 | INFO     | __main__:lifespan:18 - Starting Citizens Issues Registry Backend Server...
2025-07-27 00:53:09.421 | INFO     | __main__:lifespan:19 - Server configuration loaded - Environment: development
2025-07-27 00:53:09.421 | INFO     | __main__:lifespan:20 - API Documentation available at: /api/v1/docs
2025-07-27 00:54:23.807 | INFO     | __main__:lifespan:22 - Shutting down Citizens Issues Registry Backend Server...
2025-07-27 00:54:23.807 | INFO     | __main__:lifespan:23 - Server stopped gracefully
2025-07-27 00:54:28.127 | INFO     | __main__:lifespan:18 - Starting Citizens Issues Registry Backend Server...
2025-07-27 00:54:28.128 | INFO     | __main__:lifespan:19 - Server configuration loaded - Environment: development
2025-07-27 00:54:28.128 | INFO     | __main__:lifespan:20 - API Documentation available at: /api/v1/docs
2025-07-27 00:54:50.057 | DEBUG    | src.routers.monitoring:health_check:33 - Health check performed at 2025-07-26T19:24:50.057901+00:00
2025-07-27 00:58:00.137 | INFO     | __main__:lifespan:22 - Shutting down Citizens Issues Registry Backend Server...
2025-07-27 00:58:00.138 | INFO     | __main__:lifespan:23 - Server stopped gracefully
2025-07-27 01:00:04.691 | INFO     | main:lifespan:18 - Starting Citizens Issues Registry Backend Server...
2025-07-27 01:00:04.691 | INFO     | main:lifespan:19 - Server configuration loaded - Environment: development
2025-07-27 01:00:04.691 | INFO     | main:lifespan:20 - API Documentation available at: /api/v1/docs
2025-07-27 01:00:19.996 | DEBUG    | src.routers.monitoring:health_check:33 - Health check performed at 2025-07-26T19:30:19.996129+00:00
2025-07-27 01:00:37.253 | DEBUG    | src.routers.monitoring:health_check:33 - Health check performed at 2025-07-26T19:30:37.253119+00:00
2025-07-27 01:00:50.057 | INFO     | src.routers.monitoring:status_check:69 - Status check performed
2025-07-27 01:01:42.299 | INFO     | main:lifespan:22 - Shutting down Citizens Issues Registry Backend Server...
2025-07-27 01:01:42.299 | INFO     | main:lifespan:23 - Server stopped gracefully
2025-07-27 01:01:43.232 | INFO     | main:lifespan:18 - Starting Citizens Issues Registry Backend Server...
2025-07-27 01:01:43.233 | INFO     | main:lifespan:19 - Server configuration loaded - Environment: development
2025-07-27 01:01:43.233 | INFO     | main:lifespan:20 - API Documentation available at: /api/v1/docs
2025-07-27 01:01:54.287 | DEBUG    | src.routers.monitoring:health_check:33 - Health check performed at 2025-07-26T19:31:54.287192+00:00
2025-07-27 01:02:02.643 | INFO     | src.routers.monitoring:status_check:69 - Status check performed
2025-07-27 01:02:31.810 | INFO     | main:lifespan:22 - Shutting down Citizens Issues Registry Backend Server...
2025-07-27 01:02:31.810 | INFO     | main:lifespan:23 - Server stopped gracefully
